[2025-03-12 09:22:11] local.ERROR: Too many arguments to "make:model" command, expected arguments "name". {"exception":"[object] (Symfony\\Component\\Console\\Exception\\RuntimeException(code: 0): Too many arguments to \"make:model\" command, expected arguments \"name\". at C:\\laragon\\www\\tesapi\\vendor\\symfony\\console\\Input\\ArgvInput.php:196)
[stacktrace]
#0 C:\\laragon\\www\\tesapi\\vendor\\symfony\\console\\Input\\ArgvInput.php(89): Symfony\\Component\\Console\\Input\\ArgvInput->parseArgument('\\xE2\\x80\\x93seed')
#1 C:\\laragon\\www\\tesapi\\vendor\\symfony\\console\\Input\\ArgvInput.php(74): Symfony\\Component\\Console\\Input\\ArgvInput->parseToken('\\xE2\\x80\\x93seed', true)
#2 C:\\laragon\\www\\tesapi\\vendor\\symfony\\console\\Input\\Input.php(56): Symfony\\Component\\Console\\Input\\ArgvInput->parse()
#3 C:\\laragon\\www\\tesapi\\vendor\\symfony\\console\\Command\\Command.php(285): Symfony\\Component\\Console\\Input\\Input->bind(Object(Symfony\\Component\\Console\\Input\\InputDefinition))
#4 C:\\laragon\\www\\tesapi\\vendor\\laravel\\framework\\src\\Illuminate\\Console\\Command.php(181): Symfony\\Component\\Console\\Command\\Command->run(Object(Symfony\\Component\\Console\\Input\\ArgvInput), Object(Illuminate\\Console\\OutputStyle))
#5 C:\\laragon\\www\\tesapi\\vendor\\symfony\\console\\Application.php(1096): Illuminate\\Console\\Command->run(Object(Symfony\\Component\\Console\\Input\\ArgvInput), Object(Symfony\\Component\\Console\\Output\\ConsoleOutput))
#6 C:\\laragon\\www\\tesapi\\vendor\\symfony\\console\\Application.php(324): Symfony\\Component\\Console\\Application->doRunCommand(Object(Illuminate\\Foundation\\Console\\ModelMakeCommand), Object(Symfony\\Component\\Console\\Input\\ArgvInput), Object(Symfony\\Component\\Console\\Output\\ConsoleOutput))
#7 C:\\laragon\\www\\tesapi\\vendor\\symfony\\console\\Application.php(175): Symfony\\Component\\Console\\Application->doRun(Object(Symfony\\Component\\Console\\Input\\ArgvInput), Object(Symfony\\Component\\Console\\Output\\ConsoleOutput))
#8 C:\\laragon\\www\\tesapi\\vendor\\laravel\\framework\\src\\Illuminate\\Foundation\\Console\\Kernel.php(201): Symfony\\Component\\Console\\Application->run(Object(Symfony\\Component\\Console\\Input\\ArgvInput), Object(Symfony\\Component\\Console\\Output\\ConsoleOutput))
#9 C:\\laragon\\www\\tesapi\\artisan(37): Illuminate\\Foundation\\Console\\Kernel->handle(Object(Symfony\\Component\\Console\\Input\\ArgvInput), Object(Symfony\\Component\\Console\\Output\\ConsoleOutput))
#10 {main}
"} 
[2025-03-12 09:32:54] local.ERROR: There are no commands defined in the "install" namespace. {"exception":"[object] (Symfony\\Component\\Console\\Exception\\NamespaceNotFoundException(code: 0): There are no commands defined in the \"install\" namespace. at C:\\laragon\\www\\tesapi\\vendor\\symfony\\console\\Application.php:669)
[stacktrace]
#0 C:\\laragon\\www\\tesapi\\vendor\\symfony\\console\\Application.php(720): Symfony\\Component\\Console\\Application->findNamespace('install')
#1 C:\\laragon\\www\\tesapi\\vendor\\symfony\\console\\Application.php(266): Symfony\\Component\\Console\\Application->find('install:api')
#2 C:\\laragon\\www\\tesapi\\vendor\\symfony\\console\\Application.php(175): Symfony\\Component\\Console\\Application->doRun(Object(Symfony\\Component\\Console\\Input\\ArgvInput), Object(Symfony\\Component\\Console\\Output\\ConsoleOutput))
#3 C:\\laragon\\www\\tesapi\\vendor\\laravel\\framework\\src\\Illuminate\\Foundation\\Console\\Kernel.php(201): Symfony\\Component\\Console\\Application->run(Object(Symfony\\Component\\Console\\Input\\ArgvInput), Object(Symfony\\Component\\Console\\Output\\ConsoleOutput))
#4 C:\\laragon\\www\\tesapi\\artisan(37): Illuminate\\Foundation\\Console\\Kernel->handle(Object(Symfony\\Component\\Console\\Input\\ArgvInput), Object(Symfony\\Component\\Console\\Output\\ConsoleOutput))
#5 {main}
"} 
[2025-03-12 10:26:07] local.ERROR: SQLSTATE[42S22]: Column not found: 1054 Unknown column 'token' in 'where clause' (Connection: mysql, SQL: select * from `users` where `token` is null limit 1) {"exception":"[object] (Illuminate\\Database\\QueryException(code: 42S22): SQLSTATE[42S22]: Column not found: 1054 Unknown column 'token' in 'where clause' (Connection: mysql, SQL: select * from `users` where `token` is null limit 1) at C:\\laragon\\www\\tesapi\\vendor\\laravel\\framework\\src\\Illuminate\\Database\\Connection.php:829)
[stacktrace]
#0 C:\\laragon\\www\\tesapi\\vendor\\laravel\\framework\\src\\Illuminate\\Database\\Connection.php(783): Illuminate\\Database\\Connection->runQueryCallback('select * from `...', Array, Object(Closure))
#1 C:\\laragon\\www\\tesapi\\vendor\\laravel\\framework\\src\\Illuminate\\Database\\Connection.php(431): Illuminate\\Database\\Connection->run('select * from `...', Array, Object(Closure))
#2 C:\\laragon\\www\\tesapi\\vendor\\laravel\\framework\\src\\Illuminate\\Database\\Query\\Builder.php(2914): Illuminate\\Database\\Connection->select('select * from `...', Array, true)
#3 C:\\laragon\\www\\tesapi\\vendor\\laravel\\framework\\src\\Illuminate\\Database\\Query\\Builder.php(2902): Illuminate\\Database\\Query\\Builder->runSelect()
#4 C:\\laragon\\www\\tesapi\\vendor\\laravel\\framework\\src\\Illuminate\\Database\\Query\\Builder.php(3456): Illuminate\\Database\\Query\\Builder->Illuminate\\Database\\Query\\{closure}()
#5 C:\\laragon\\www\\tesapi\\vendor\\laravel\\framework\\src\\Illuminate\\Database\\Query\\Builder.php(2903): Illuminate\\Database\\Query\\Builder->onceWithColumns(Array, Object(Closure))
#6 C:\\laragon\\www\\tesapi\\vendor\\laravel\\framework\\src\\Illuminate\\Database\\Eloquent\\Builder.php(739): Illuminate\\Database\\Query\\Builder->get(Array)
#7 C:\\laragon\\www\\tesapi\\vendor\\laravel\\framework\\src\\Illuminate\\Database\\Eloquent\\Builder.php(723): Illuminate\\Database\\Eloquent\\Builder->getModels(Array)
#8 C:\\laragon\\www\\tesapi\\vendor\\laravel\\framework\\src\\Illuminate\\Database\\Concerns\\BuildsQueries.php(333): Illuminate\\Database\\Eloquent\\Builder->get(Array)
#9 C:\\laragon\\www\\tesapi\\app\\Http\\Middleware\\ApiAuthMiddleware.php(27): Illuminate\\Database\\Eloquent\\Builder->first()
#10 C:\\laragon\\www\\tesapi\\vendor\\laravel\\framework\\src\\Illuminate\\Pipeline\\Pipeline.php(183): App\\Http\\Middleware\\ApiAuthMiddleware->handle(Object(Illuminate\\Http\\Request), Object(Closure))
#11 C:\\laragon\\www\\tesapi\\vendor\\laravel\\framework\\src\\Illuminate\\Routing\\Middleware\\SubstituteBindings.php(50): Illuminate\\Pipeline\\Pipeline->Illuminate\\Pipeline\\{closure}(Object(Illuminate\\Http\\Request))
#12 C:\\laragon\\www\\tesapi\\vendor\\laravel\\framework\\src\\Illuminate\\Pipeline\\Pipeline.php(183): Illuminate\\Routing\\Middleware\\SubstituteBindings->handle(Object(Illuminate\\Http\\Request), Object(Closure))
#13 C:\\laragon\\www\\tesapi\\vendor\\laravel\\framework\\src\\Illuminate\\Routing\\Middleware\\ThrottleRequests.php(159): Illuminate\\Pipeline\\Pipeline->Illuminate\\Pipeline\\{closure}(Object(Illuminate\\Http\\Request))
#14 C:\\laragon\\www\\tesapi\\vendor\\laravel\\framework\\src\\Illuminate\\Routing\\Middleware\\ThrottleRequests.php(135): Illuminate\\Routing\\Middleware\\ThrottleRequests->handleRequest(Object(Illuminate\\Http\\Request), Object(Closure), Array)
#15 C:\\laragon\\www\\tesapi\\vendor\\laravel\\framework\\src\\Illuminate\\Routing\\Middleware\\ThrottleRequests.php(87): Illuminate\\Routing\\Middleware\\ThrottleRequests->handleRequestUsingNamedLimiter(Object(Illuminate\\Http\\Request), Object(Closure), 'api', Object(Closure))
#16 C:\\laragon\\www\\tesapi\\vendor\\laravel\\framework\\src\\Illuminate\\Pipeline\\Pipeline.php(183): Illuminate\\Routing\\Middleware\\ThrottleRequests->handle(Object(Illuminate\\Http\\Request), Object(Closure), 'api')
#17 C:\\laragon\\www\\tesapi\\vendor\\laravel\\framework\\src\\Illuminate\\Pipeline\\Pipeline.php(119): Illuminate\\Pipeline\\Pipeline->Illuminate\\Pipeline\\{closure}(Object(Illuminate\\Http\\Request))
#18 C:\\laragon\\www\\tesapi\\vendor\\laravel\\framework\\src\\Illuminate\\Routing\\Router.php(807): Illuminate\\Pipeline\\Pipeline->then(Object(Closure))
#19 C:\\laragon\\www\\tesapi\\vendor\\laravel\\framework\\src\\Illuminate\\Routing\\Router.php(784): Illuminate\\Routing\\Router->runRouteWithinStack(Object(Illuminate\\Routing\\Route), Object(Illuminate\\Http\\Request))
#20 C:\\laragon\\www\\tesapi\\vendor\\laravel\\framework\\src\\Illuminate\\Routing\\Router.php(748): Illuminate\\Routing\\Router->runRoute(Object(Illuminate\\Http\\Request), Object(Illuminate\\Routing\\Route))
#21 C:\\laragon\\www\\tesapi\\vendor\\laravel\\framework\\src\\Illuminate\\Routing\\Router.php(737): Illuminate\\Routing\\Router->dispatchToRoute(Object(Illuminate\\Http\\Request))
#22 C:\\laragon\\www\\tesapi\\vendor\\laravel\\framework\\src\\Illuminate\\Foundation\\Http\\Kernel.php(200): Illuminate\\Routing\\Router->dispatch(Object(Illuminate\\Http\\Request))
#23 C:\\laragon\\www\\tesapi\\vendor\\laravel\\framework\\src\\Illuminate\\Pipeline\\Pipeline.php(144): Illuminate\\Foundation\\Http\\Kernel->Illuminate\\Foundation\\Http\\{closure}(Object(Illuminate\\Http\\Request))
#24 C:\\laragon\\www\\tesapi\\vendor\\laravel\\framework\\src\\Illuminate\\Foundation\\Http\\Middleware\\TransformsRequest.php(21): Illuminate\\Pipeline\\Pipeline->Illuminate\\Pipeline\\{closure}(Object(Illuminate\\Http\\Request))
#25 C:\\laragon\\www\\tesapi\\vendor\\laravel\\framework\\src\\Illuminate\\Foundation\\Http\\Middleware\\ConvertEmptyStringsToNull.php(31): Illuminate\\Foundation\\Http\\Middleware\\TransformsRequest->handle(Object(Illuminate\\Http\\Request), Object(Closure))
#26 C:\\laragon\\www\\tesapi\\vendor\\laravel\\framework\\src\\Illuminate\\Pipeline\\Pipeline.php(183): Illuminate\\Foundation\\Http\\Middleware\\ConvertEmptyStringsToNull->handle(Object(Illuminate\\Http\\Request), Object(Closure))
#27 C:\\laragon\\www\\tesapi\\vendor\\laravel\\framework\\src\\Illuminate\\Foundation\\Http\\Middleware\\TransformsRequest.php(21): Illuminate\\Pipeline\\Pipeline->Illuminate\\Pipeline\\{closure}(Object(Illuminate\\Http\\Request))
#28 C:\\laragon\\www\\tesapi\\vendor\\laravel\\framework\\src\\Illuminate\\Foundation\\Http\\Middleware\\TrimStrings.php(40): Illuminate\\Foundation\\Http\\Middleware\\TransformsRequest->handle(Object(Illuminate\\Http\\Request), Object(Closure))
#29 C:\\laragon\\www\\tesapi\\vendor\\laravel\\framework\\src\\Illuminate\\Pipeline\\Pipeline.php(183): Illuminate\\Foundation\\Http\\Middleware\\TrimStrings->handle(Object(Illuminate\\Http\\Request), Object(Closure))
#30 C:\\laragon\\www\\tesapi\\vendor\\laravel\\framework\\src\\Illuminate\\Foundation\\Http\\Middleware\\ValidatePostSize.php(27): Illuminate\\Pipeline\\Pipeline->Illuminate\\Pipeline\\{closure}(Object(Illuminate\\Http\\Request))
#31 C:\\laragon\\www\\tesapi\\vendor\\laravel\\framework\\src\\Illuminate\\Pipeline\\Pipeline.php(183): Illuminate\\Foundation\\Http\\Middleware\\ValidatePostSize->handle(Object(Illuminate\\Http\\Request), Object(Closure))
#32 C:\\laragon\\www\\tesapi\\vendor\\laravel\\framework\\src\\Illuminate\\Foundation\\Http\\Middleware\\PreventRequestsDuringMaintenance.php(99): Illuminate\\Pipeline\\Pipeline->Illuminate\\Pipeline\\{closure}(Object(Illuminate\\Http\\Request))
#33 C:\\laragon\\www\\tesapi\\vendor\\laravel\\framework\\src\\Illuminate\\Pipeline\\Pipeline.php(183): Illuminate\\Foundation\\Http\\Middleware\\PreventRequestsDuringMaintenance->handle(Object(Illuminate\\Http\\Request), Object(Closure))
#34 C:\\laragon\\www\\tesapi\\vendor\\laravel\\framework\\src\\Illuminate\\Http\\Middleware\\HandleCors.php(62): Illuminate\\Pipeline\\Pipeline->Illuminate\\Pipeline\\{closure}(Object(Illuminate\\Http\\Request))
#35 C:\\laragon\\www\\tesapi\\vendor\\laravel\\framework\\src\\Illuminate\\Pipeline\\Pipeline.php(183): Illuminate\\Http\\Middleware\\HandleCors->handle(Object(Illuminate\\Http\\Request), Object(Closure))
#36 C:\\laragon\\www\\tesapi\\vendor\\laravel\\framework\\src\\Illuminate\\Http\\Middleware\\TrustProxies.php(39): Illuminate\\Pipeline\\Pipeline->Illuminate\\Pipeline\\{closure}(Object(Illuminate\\Http\\Request))
#37 C:\\laragon\\www\\tesapi\\vendor\\laravel\\framework\\src\\Illuminate\\Pipeline\\Pipeline.php(183): Illuminate\\Http\\Middleware\\TrustProxies->handle(Object(Illuminate\\Http\\Request), Object(Closure))
#38 C:\\laragon\\www\\tesapi\\vendor\\laravel\\framework\\src\\Illuminate\\Pipeline\\Pipeline.php(119): Illuminate\\Pipeline\\Pipeline->Illuminate\\Pipeline\\{closure}(Object(Illuminate\\Http\\Request))
#39 C:\\laragon\\www\\tesapi\\vendor\\laravel\\framework\\src\\Illuminate\\Foundation\\Http\\Kernel.php(175): Illuminate\\Pipeline\\Pipeline->then(Object(Closure))
#40 C:\\laragon\\www\\tesapi\\vendor\\laravel\\framework\\src\\Illuminate\\Foundation\\Http\\Kernel.php(144): Illuminate\\Foundation\\Http\\Kernel->sendRequestThroughRouter(Object(Illuminate\\Http\\Request))
#41 C:\\laragon\\www\\tesapi\\public\\index.php(52): Illuminate\\Foundation\\Http\\Kernel->handle(Object(Illuminate\\Http\\Request))
#42 {main}

[previous exception] [object] (PDOException(code: 42S22): SQLSTATE[42S22]: Column not found: 1054 Unknown column 'token' in 'where clause' at C:\\laragon\\www\\tesapi\\vendor\\laravel\\framework\\src\\Illuminate\\Database\\Connection.php:423)
[stacktrace]
#0 C:\\laragon\\www\\tesapi\\vendor\\laravel\\framework\\src\\Illuminate\\Database\\Connection.php(423): PDO->prepare('select * from `...')
#1 C:\\laragon\\www\\tesapi\\vendor\\laravel\\framework\\src\\Illuminate\\Database\\Connection.php(816): Illuminate\\Database\\Connection->Illuminate\\Database\\{closure}('select * from `...', Array)
#2 C:\\laragon\\www\\tesapi\\vendor\\laravel\\framework\\src\\Illuminate\\Database\\Connection.php(783): Illuminate\\Database\\Connection->runQueryCallback('select * from `...', Array, Object(Closure))
#3 C:\\laragon\\www\\tesapi\\vendor\\laravel\\framework\\src\\Illuminate\\Database\\Connection.php(431): Illuminate\\Database\\Connection->run('select * from `...', Array, Object(Closure))
#4 C:\\laragon\\www\\tesapi\\vendor\\laravel\\framework\\src\\Illuminate\\Database\\Query\\Builder.php(2914): Illuminate\\Database\\Connection->select('select * from `...', Array, true)
#5 C:\\laragon\\www\\tesapi\\vendor\\laravel\\framework\\src\\Illuminate\\Database\\Query\\Builder.php(2902): Illuminate\\Database\\Query\\Builder->runSelect()
#6 C:\\laragon\\www\\tesapi\\vendor\\laravel\\framework\\src\\Illuminate\\Database\\Query\\Builder.php(3456): Illuminate\\Database\\Query\\Builder->Illuminate\\Database\\Query\\{closure}()
#7 C:\\laragon\\www\\tesapi\\vendor\\laravel\\framework\\src\\Illuminate\\Database\\Query\\Builder.php(2903): Illuminate\\Database\\Query\\Builder->onceWithColumns(Array, Object(Closure))
#8 C:\\laragon\\www\\tesapi\\vendor\\laravel\\framework\\src\\Illuminate\\Database\\Eloquent\\Builder.php(739): Illuminate\\Database\\Query\\Builder->get(Array)
#9 C:\\laragon\\www\\tesapi\\vendor\\laravel\\framework\\src\\Illuminate\\Database\\Eloquent\\Builder.php(723): Illuminate\\Database\\Eloquent\\Builder->getModels(Array)
#10 C:\\laragon\\www\\tesapi\\vendor\\laravel\\framework\\src\\Illuminate\\Database\\Concerns\\BuildsQueries.php(333): Illuminate\\Database\\Eloquent\\Builder->get(Array)
#11 C:\\laragon\\www\\tesapi\\app\\Http\\Middleware\\ApiAuthMiddleware.php(27): Illuminate\\Database\\Eloquent\\Builder->first()
#12 C:\\laragon\\www\\tesapi\\vendor\\laravel\\framework\\src\\Illuminate\\Pipeline\\Pipeline.php(183): App\\Http\\Middleware\\ApiAuthMiddleware->handle(Object(Illuminate\\Http\\Request), Object(Closure))
#13 C:\\laragon\\www\\tesapi\\vendor\\laravel\\framework\\src\\Illuminate\\Routing\\Middleware\\SubstituteBindings.php(50): Illuminate\\Pipeline\\Pipeline->Illuminate\\Pipeline\\{closure}(Object(Illuminate\\Http\\Request))
#14 C:\\laragon\\www\\tesapi\\vendor\\laravel\\framework\\src\\Illuminate\\Pipeline\\Pipeline.php(183): Illuminate\\Routing\\Middleware\\SubstituteBindings->handle(Object(Illuminate\\Http\\Request), Object(Closure))
#15 C:\\laragon\\www\\tesapi\\vendor\\laravel\\framework\\src\\Illuminate\\Routing\\Middleware\\ThrottleRequests.php(159): Illuminate\\Pipeline\\Pipeline->Illuminate\\Pipeline\\{closure}(Object(Illuminate\\Http\\Request))
#16 C:\\laragon\\www\\tesapi\\vendor\\laravel\\framework\\src\\Illuminate\\Routing\\Middleware\\ThrottleRequests.php(135): Illuminate\\Routing\\Middleware\\ThrottleRequests->handleRequest(Object(Illuminate\\Http\\Request), Object(Closure), Array)
#17 C:\\laragon\\www\\tesapi\\vendor\\laravel\\framework\\src\\Illuminate\\Routing\\Middleware\\ThrottleRequests.php(87): Illuminate\\Routing\\Middleware\\ThrottleRequests->handleRequestUsingNamedLimiter(Object(Illuminate\\Http\\Request), Object(Closure), 'api', Object(Closure))
#18 C:\\laragon\\www\\tesapi\\vendor\\laravel\\framework\\src\\Illuminate\\Pipeline\\Pipeline.php(183): Illuminate\\Routing\\Middleware\\ThrottleRequests->handle(Object(Illuminate\\Http\\Request), Object(Closure), 'api')
#19 C:\\laragon\\www\\tesapi\\vendor\\laravel\\framework\\src\\Illuminate\\Pipeline\\Pipeline.php(119): Illuminate\\Pipeline\\Pipeline->Illuminate\\Pipeline\\{closure}(Object(Illuminate\\Http\\Request))
#20 C:\\laragon\\www\\tesapi\\vendor\\laravel\\framework\\src\\Illuminate\\Routing\\Router.php(807): Illuminate\\Pipeline\\Pipeline->then(Object(Closure))
#21 C:\\laragon\\www\\tesapi\\vendor\\laravel\\framework\\src\\Illuminate\\Routing\\Router.php(784): Illuminate\\Routing\\Router->runRouteWithinStack(Object(Illuminate\\Routing\\Route), Object(Illuminate\\Http\\Request))
#22 C:\\laragon\\www\\tesapi\\vendor\\laravel\\framework\\src\\Illuminate\\Routing\\Router.php(748): Illuminate\\Routing\\Router->runRoute(Object(Illuminate\\Http\\Request), Object(Illuminate\\Routing\\Route))
#23 C:\\laragon\\www\\tesapi\\vendor\\laravel\\framework\\src\\Illuminate\\Routing\\Router.php(737): Illuminate\\Routing\\Router->dispatchToRoute(Object(Illuminate\\Http\\Request))
#24 C:\\laragon\\www\\tesapi\\vendor\\laravel\\framework\\src\\Illuminate\\Foundation\\Http\\Kernel.php(200): Illuminate\\Routing\\Router->dispatch(Object(Illuminate\\Http\\Request))
#25 C:\\laragon\\www\\tesapi\\vendor\\laravel\\framework\\src\\Illuminate\\Pipeline\\Pipeline.php(144): Illuminate\\Foundation\\Http\\Kernel->Illuminate\\Foundation\\Http\\{closure}(Object(Illuminate\\Http\\Request))
#26 C:\\laragon\\www\\tesapi\\vendor\\laravel\\framework\\src\\Illuminate\\Foundation\\Http\\Middleware\\TransformsRequest.php(21): Illuminate\\Pipeline\\Pipeline->Illuminate\\Pipeline\\{closure}(Object(Illuminate\\Http\\Request))
#27 C:\\laragon\\www\\tesapi\\vendor\\laravel\\framework\\src\\Illuminate\\Foundation\\Http\\Middleware\\ConvertEmptyStringsToNull.php(31): Illuminate\\Foundation\\Http\\Middleware\\TransformsRequest->handle(Object(Illuminate\\Http\\Request), Object(Closure))
#28 C:\\laragon\\www\\tesapi\\vendor\\laravel\\framework\\src\\Illuminate\\Pipeline\\Pipeline.php(183): Illuminate\\Foundation\\Http\\Middleware\\ConvertEmptyStringsToNull->handle(Object(Illuminate\\Http\\Request), Object(Closure))
#29 C:\\laragon\\www\\tesapi\\vendor\\laravel\\framework\\src\\Illuminate\\Foundation\\Http\\Middleware\\TransformsRequest.php(21): Illuminate\\Pipeline\\Pipeline->Illuminate\\Pipeline\\{closure}(Object(Illuminate\\Http\\Request))
#30 C:\\laragon\\www\\tesapi\\vendor\\laravel\\framework\\src\\Illuminate\\Foundation\\Http\\Middleware\\TrimStrings.php(40): Illuminate\\Foundation\\Http\\Middleware\\TransformsRequest->handle(Object(Illuminate\\Http\\Request), Object(Closure))
#31 C:\\laragon\\www\\tesapi\\vendor\\laravel\\framework\\src\\Illuminate\\Pipeline\\Pipeline.php(183): Illuminate\\Foundation\\Http\\Middleware\\TrimStrings->handle(Object(Illuminate\\Http\\Request), Object(Closure))
#32 C:\\laragon\\www\\tesapi\\vendor\\laravel\\framework\\src\\Illuminate\\Foundation\\Http\\Middleware\\ValidatePostSize.php(27): Illuminate\\Pipeline\\Pipeline->Illuminate\\Pipeline\\{closure}(Object(Illuminate\\Http\\Request))
#33 C:\\laragon\\www\\tesapi\\vendor\\laravel\\framework\\src\\Illuminate\\Pipeline\\Pipeline.php(183): Illuminate\\Foundation\\Http\\Middleware\\ValidatePostSize->handle(Object(Illuminate\\Http\\Request), Object(Closure))
#34 C:\\laragon\\www\\tesapi\\vendor\\laravel\\framework\\src\\Illuminate\\Foundation\\Http\\Middleware\\PreventRequestsDuringMaintenance.php(99): Illuminate\\Pipeline\\Pipeline->Illuminate\\Pipeline\\{closure}(Object(Illuminate\\Http\\Request))
#35 C:\\laragon\\www\\tesapi\\vendor\\laravel\\framework\\src\\Illuminate\\Pipeline\\Pipeline.php(183): Illuminate\\Foundation\\Http\\Middleware\\PreventRequestsDuringMaintenance->handle(Object(Illuminate\\Http\\Request), Object(Closure))
#36 C:\\laragon\\www\\tesapi\\vendor\\laravel\\framework\\src\\Illuminate\\Http\\Middleware\\HandleCors.php(62): Illuminate\\Pipeline\\Pipeline->Illuminate\\Pipeline\\{closure}(Object(Illuminate\\Http\\Request))
#37 C:\\laragon\\www\\tesapi\\vendor\\laravel\\framework\\src\\Illuminate\\Pipeline\\Pipeline.php(183): Illuminate\\Http\\Middleware\\HandleCors->handle(Object(Illuminate\\Http\\Request), Object(Closure))
#38 C:\\laragon\\www\\tesapi\\vendor\\laravel\\framework\\src\\Illuminate\\Http\\Middleware\\TrustProxies.php(39): Illuminate\\Pipeline\\Pipeline->Illuminate\\Pipeline\\{closure}(Object(Illuminate\\Http\\Request))
#39 C:\\laragon\\www\\tesapi\\vendor\\laravel\\framework\\src\\Illuminate\\Pipeline\\Pipeline.php(183): Illuminate\\Http\\Middleware\\TrustProxies->handle(Object(Illuminate\\Http\\Request), Object(Closure))
#40 C:\\laragon\\www\\tesapi\\vendor\\laravel\\framework\\src\\Illuminate\\Pipeline\\Pipeline.php(119): Illuminate\\Pipeline\\Pipeline->Illuminate\\Pipeline\\{closure}(Object(Illuminate\\Http\\Request))
#41 C:\\laragon\\www\\tesapi\\vendor\\laravel\\framework\\src\\Illuminate\\Foundation\\Http\\Kernel.php(175): Illuminate\\Pipeline\\Pipeline->then(Object(Closure))
#42 C:\\laragon\\www\\tesapi\\vendor\\laravel\\framework\\src\\Illuminate\\Foundation\\Http\\Kernel.php(144): Illuminate\\Foundation\\Http\\Kernel->sendRequestThroughRouter(Object(Illuminate\\Http\\Request))
#43 C:\\laragon\\www\\tesapi\\public\\index.php(52): Illuminate\\Foundation\\Http\\Kernel->handle(Object(Illuminate\\Http\\Request))
#44 {main}
"} 
[2025-03-12 10:27:35] local.ERROR: Only one @OA\Info() allowed for @OA\OpenApi() multiple found in:
    Using: C:\laragon\www\tesapi\app\Http\Controllers\ContactController.php on line 32
  Skipped: C:\laragon\www\tesapi\app\Http\Controllers\Controller.php on line 12 {"exception":"[object] (ErrorException(code: 0): Only one @OA\\Info() allowed for @OA\\OpenApi() multiple found in:
    Using: C:\\laragon\\www\\tesapi\\app\\Http\\Controllers\\ContactController.php on line 32
  Skipped: C:\\laragon\\www\\tesapi\\app\\Http\\Controllers\\Controller.php on line 12 at C:\\laragon\\www\\tesapi\\vendor\\zircote\\swagger-php\\src\\Loggers\\DefaultLogger.php:31)
[stacktrace]
#0 C:\\laragon\\www\\tesapi\\vendor\\laravel\\framework\\src\\Illuminate\\Foundation\\Bootstrap\\HandleExceptions.php(255): Illuminate\\Foundation\\Bootstrap\\HandleExceptions->handleError(512, 'Only one @OA\\\\In...', 'C:\\\\laragon\\\\www\\\\...', 31)
#1 [internal function]: Illuminate\\Foundation\\Bootstrap\\HandleExceptions->Illuminate\\Foundation\\Bootstrap\\{closure}(512, 'Only one @OA\\\\In...', 'C:\\\\laragon\\\\www\\\\...', 31)
#2 C:\\laragon\\www\\tesapi\\vendor\\zircote\\swagger-php\\src\\Loggers\\DefaultLogger.php(31): trigger_error('Only one @OA\\\\In...', 512)
#3 C:\\laragon\\www\\tesapi\\vendor\\psr\\log\\src\\LoggerTrait.php(61): OpenApi\\Loggers\\DefaultLogger->log('warning', 'Only one @OA\\\\In...', Array)
#4 C:\\laragon\\www\\tesapi\\vendor\\zircote\\swagger-php\\src\\Annotations\\AbstractAnnotation.php(468): Psr\\Log\\AbstractLogger->warning('Only one @OA\\\\In...')
#5 C:\\laragon\\www\\tesapi\\vendor\\zircote\\swagger-php\\src\\Annotations\\OpenApi.php(170): OpenApi\\Annotations\\AbstractAnnotation->validate(Array, Array, '#', Object(stdClass))
#6 C:\\laragon\\www\\tesapi\\vendor\\zircote\\swagger-php\\src\\Analysis.php(440): OpenApi\\Annotations\\OpenApi->validate()
#7 C:\\laragon\\www\\tesapi\\vendor\\zircote\\swagger-php\\src\\Generator.php(511): OpenApi\\Analysis->validate()
#8 C:\\laragon\\www\\tesapi\\vendor\\darkaonline\\l5-swagger\\src\\Generator.php(191): OpenApi\\Generator->generate(Object(Symfony\\Component\\Finder\\Finder), Object(OpenApi\\Analysis))
#9 C:\\laragon\\www\\tesapi\\vendor\\darkaonline\\l5-swagger\\src\\Generator.php(132): L5Swagger\\Generator->scanFilesForDocumentation()
#10 C:\\laragon\\www\\tesapi\\vendor\\darkaonline\\l5-swagger\\src\\Console\\GenerateDocsCommand.php(72): L5Swagger\\Generator->generateDocs()
#11 C:\\laragon\\www\\tesapi\\vendor\\darkaonline\\l5-swagger\\src\\Console\\GenerateDocsCommand.php(58): L5Swagger\\Console\\GenerateDocsCommand->generateDocumentation(Object(L5Swagger\\GeneratorFactory), 'default')
#12 C:\\laragon\\www\\tesapi\\vendor\\laravel\\framework\\src\\Illuminate\\Container\\BoundMethod.php(36): L5Swagger\\Console\\GenerateDocsCommand->handle(Object(L5Swagger\\GeneratorFactory))
#13 C:\\laragon\\www\\tesapi\\vendor\\laravel\\framework\\src\\Illuminate\\Container\\Util.php(41): Illuminate\\Container\\BoundMethod::Illuminate\\Container\\{closure}()
#14 C:\\laragon\\www\\tesapi\\vendor\\laravel\\framework\\src\\Illuminate\\Container\\BoundMethod.php(93): Illuminate\\Container\\Util::unwrapIfClosure(Object(Closure))
#15 C:\\laragon\\www\\tesapi\\vendor\\laravel\\framework\\src\\Illuminate\\Container\\BoundMethod.php(37): Illuminate\\Container\\BoundMethod::callBoundMethod(Object(Illuminate\\Foundation\\Application), Array, Object(Closure))
#16 C:\\laragon\\www\\tesapi\\vendor\\laravel\\framework\\src\\Illuminate\\Container\\Container.php(662): Illuminate\\Container\\BoundMethod::call(Object(Illuminate\\Foundation\\Application), Array, Array, NULL)
#17 C:\\laragon\\www\\tesapi\\vendor\\laravel\\framework\\src\\Illuminate\\Console\\Command.php(211): Illuminate\\Container\\Container->call(Array)
#18 C:\\laragon\\www\\tesapi\\vendor\\symfony\\console\\Command\\Command.php(326): Illuminate\\Console\\Command->execute(Object(Symfony\\Component\\Console\\Input\\ArgvInput), Object(Illuminate\\Console\\OutputStyle))
#19 C:\\laragon\\www\\tesapi\\vendor\\laravel\\framework\\src\\Illuminate\\Console\\Command.php(181): Symfony\\Component\\Console\\Command\\Command->run(Object(Symfony\\Component\\Console\\Input\\ArgvInput), Object(Illuminate\\Console\\OutputStyle))
#20 C:\\laragon\\www\\tesapi\\vendor\\symfony\\console\\Application.php(1096): Illuminate\\Console\\Command->run(Object(Symfony\\Component\\Console\\Input\\ArgvInput), Object(Symfony\\Component\\Console\\Output\\ConsoleOutput))
#21 C:\\laragon\\www\\tesapi\\vendor\\symfony\\console\\Application.php(324): Symfony\\Component\\Console\\Application->doRunCommand(Object(L5Swagger\\Console\\GenerateDocsCommand), Object(Symfony\\Component\\Console\\Input\\ArgvInput), Object(Symfony\\Component\\Console\\Output\\ConsoleOutput))
#22 C:\\laragon\\www\\tesapi\\vendor\\symfony\\console\\Application.php(175): Symfony\\Component\\Console\\Application->doRun(Object(Symfony\\Component\\Console\\Input\\ArgvInput), Object(Symfony\\Component\\Console\\Output\\ConsoleOutput))
#23 C:\\laragon\\www\\tesapi\\vendor\\laravel\\framework\\src\\Illuminate\\Foundation\\Console\\Kernel.php(201): Symfony\\Component\\Console\\Application->run(Object(Symfony\\Component\\Console\\Input\\ArgvInput), Object(Symfony\\Component\\Console\\Output\\ConsoleOutput))
#24 C:\\laragon\\www\\tesapi\\artisan(37): Illuminate\\Foundation\\Console\\Kernel->handle(Object(Symfony\\Component\\Console\\Input\\ArgvInput), Object(Symfony\\Component\\Console\\Output\\ConsoleOutput))
#25 {main}
"} 
[2025-03-12 10:29:35] local.ERROR: $ref "#/components/schemas/Contact" not found for @OA\Items() in \App\Http\Controllers\ContactController->index() in C:\laragon\www\tesapi\app\Http\Controllers\ContactController.php on line 53 {"exception":"[object] (ErrorException(code: 0): $ref \"#/components/schemas/Contact\" not found for @OA\\Items() in \\App\\Http\\Controllers\\ContactController->index() in C:\\laragon\\www\\tesapi\\app\\Http\\Controllers\\ContactController.php on line 53 at C:\\laragon\\www\\tesapi\\vendor\\zircote\\swagger-php\\src\\Loggers\\DefaultLogger.php:31)
[stacktrace]
#0 C:\\laragon\\www\\tesapi\\vendor\\laravel\\framework\\src\\Illuminate\\Foundation\\Bootstrap\\HandleExceptions.php(255): Illuminate\\Foundation\\Bootstrap\\HandleExceptions->handleError(512, '$ref \"#/compone...', 'C:\\\\laragon\\\\www\\\\...', 31)
#1 [internal function]: Illuminate\\Foundation\\Bootstrap\\HandleExceptions->Illuminate\\Foundation\\Bootstrap\\{closure}(512, '$ref \"#/compone...', 'C:\\\\laragon\\\\www\\\\...', 31)
#2 C:\\laragon\\www\\tesapi\\vendor\\zircote\\swagger-php\\src\\Loggers\\DefaultLogger.php(31): trigger_error('$ref \"#/compone...', 512)
#3 C:\\laragon\\www\\tesapi\\vendor\\psr\\log\\src\\LoggerTrait.php(61): OpenApi\\Loggers\\DefaultLogger->log('warning', '$ref \"#/compone...', Array)
#4 C:\\laragon\\www\\tesapi\\vendor\\zircote\\swagger-php\\src\\Annotations\\AbstractAnnotation.php(511): Psr\\Log\\AbstractLogger->warning('$ref \"#/compone...', Array)
#5 C:\\laragon\\www\\tesapi\\vendor\\zircote\\swagger-php\\src\\Annotations\\Schema.php(517): OpenApi\\Annotations\\AbstractAnnotation->validate(Array, Array, '#/paths/0/get/r...', Object(stdClass))
#6 C:\\laragon\\www\\tesapi\\vendor\\zircote\\swagger-php\\src\\Annotations\\Items.php(50): OpenApi\\Annotations\\Schema->validate(Array, Array, '#/paths/0/get/r...', Object(stdClass))
#7 C:\\laragon\\www\\tesapi\\vendor\\zircote\\swagger-php\\src\\Annotations\\AbstractAnnotation.php(592): OpenApi\\Annotations\\Items->validate(Array, Array, '#/paths/0/get/r...', Object(stdClass))
#8 C:\\laragon\\www\\tesapi\\vendor\\zircote\\swagger-php\\src\\Annotations\\AbstractAnnotation.php(565): OpenApi\\Annotations\\AbstractAnnotation::_validate(Object(OpenApi\\Annotations\\Property), Array, Array, '#/paths/0/get/r...', Object(stdClass))
#9 C:\\laragon\\www\\tesapi\\vendor\\zircote\\swagger-php\\src\\Annotations\\Schema.php(517): OpenApi\\Annotations\\AbstractAnnotation->validate(Array, Array, '#/paths/0/get/r...', Object(stdClass))
#10 C:\\laragon\\www\\tesapi\\vendor\\zircote\\swagger-php\\src\\Annotations\\AbstractAnnotation.php(592): OpenApi\\Annotations\\Schema->validate(Array, Array, '#/paths/0/get/r...', Object(stdClass))
#11 C:\\laragon\\www\\tesapi\\vendor\\zircote\\swagger-php\\src\\Annotations\\AbstractAnnotation.php(598): OpenApi\\Annotations\\AbstractAnnotation::_validate(Array, Array, Array, '#/paths/0/get/r...', Object(stdClass))
#12 C:\\laragon\\www\\tesapi\\vendor\\zircote\\swagger-php\\src\\Annotations\\AbstractAnnotation.php(565): OpenApi\\Annotations\\AbstractAnnotation::_validate(Object(OpenApi\\Annotations\\JsonContent), Array, Array, '#/paths/0/get/r...', Object(stdClass))
#13 C:\\laragon\\www\\tesapi\\vendor\\zircote\\swagger-php\\src\\Annotations\\Schema.php(517): OpenApi\\Annotations\\AbstractAnnotation->validate(Array, Array, '#/paths/0/get/r...', Object(stdClass))
#14 C:\\laragon\\www\\tesapi\\vendor\\zircote\\swagger-php\\src\\Annotations\\AbstractAnnotation.php(592): OpenApi\\Annotations\\Schema->validate(Array, Array, '#/paths/0/get/r...', Object(stdClass))
#15 C:\\laragon\\www\\tesapi\\vendor\\zircote\\swagger-php\\src\\Annotations\\AbstractAnnotation.php(565): OpenApi\\Annotations\\AbstractAnnotation::_validate(Object(OpenApi\\Annotations\\MediaType), Array, Array, '#/paths/0/get/r...', Object(stdClass))
#16 C:\\laragon\\www\\tesapi\\vendor\\zircote\\swagger-php\\src\\Annotations\\AbstractAnnotation.php(592): OpenApi\\Annotations\\AbstractAnnotation->validate(Array, Array, '#/paths/0/get/r...', Object(stdClass))
#17 C:\\laragon\\www\\tesapi\\vendor\\zircote\\swagger-php\\src\\Annotations\\AbstractAnnotation.php(598): OpenApi\\Annotations\\AbstractAnnotation::_validate(Array, Array, Array, '#/paths/0/get/r...', Object(stdClass))
#18 C:\\laragon\\www\\tesapi\\vendor\\zircote\\swagger-php\\src\\Annotations\\AbstractAnnotation.php(565): OpenApi\\Annotations\\AbstractAnnotation::_validate(Object(OpenApi\\Annotations\\Response), Array, Array, '#/paths/0/get/r...', Object(stdClass))
#19 C:\\laragon\\www\\tesapi\\vendor\\zircote\\swagger-php\\src\\Annotations\\Response.php(121): OpenApi\\Annotations\\AbstractAnnotation->validate(Array, Array, '#/paths/0/get/r...', Object(stdClass))
#20 C:\\laragon\\www\\tesapi\\vendor\\zircote\\swagger-php\\src\\Annotations\\AbstractAnnotation.php(592): OpenApi\\Annotations\\Response->validate(Array, Array, '#/paths/0/get/r...', Object(stdClass))
#21 C:\\laragon\\www\\tesapi\\vendor\\zircote\\swagger-php\\src\\Annotations\\AbstractAnnotation.php(598): OpenApi\\Annotations\\AbstractAnnotation::_validate(Array, Array, Array, '#/paths/0/get/r...', Object(stdClass))
#22 C:\\laragon\\www\\tesapi\\vendor\\zircote\\swagger-php\\src\\Annotations\\AbstractAnnotation.php(565): OpenApi\\Annotations\\AbstractAnnotation::_validate(Object(OpenApi\\Annotations\\Get), Array, Array, '#/paths/0/get', Object(stdClass))
#23 C:\\laragon\\www\\tesapi\\vendor\\zircote\\swagger-php\\src\\Annotations\\Operation.php(223): OpenApi\\Annotations\\AbstractAnnotation->validate(Array, Array, '#/paths/0/get', Object(stdClass))
#24 C:\\laragon\\www\\tesapi\\vendor\\zircote\\swagger-php\\src\\Annotations\\AbstractAnnotation.php(592): OpenApi\\Annotations\\Operation->validate(Array, Array, '#/paths/0/get', Object(stdClass))
#25 C:\\laragon\\www\\tesapi\\vendor\\zircote\\swagger-php\\src\\Annotations\\AbstractAnnotation.php(565): OpenApi\\Annotations\\AbstractAnnotation::_validate(Object(OpenApi\\Annotations\\PathItem), Array, Array, '#/paths/0', Object(stdClass))
#26 C:\\laragon\\www\\tesapi\\vendor\\zircote\\swagger-php\\src\\Annotations\\AbstractAnnotation.php(592): OpenApi\\Annotations\\AbstractAnnotation->validate(Array, Array, '#/paths/0', Object(stdClass))
#27 C:\\laragon\\www\\tesapi\\vendor\\zircote\\swagger-php\\src\\Annotations\\AbstractAnnotation.php(598): OpenApi\\Annotations\\AbstractAnnotation::_validate(Array, Array, Array, '#/paths', Object(stdClass))
#28 C:\\laragon\\www\\tesapi\\vendor\\zircote\\swagger-php\\src\\Annotations\\AbstractAnnotation.php(565): OpenApi\\Annotations\\AbstractAnnotation::_validate(Object(OpenApi\\Annotations\\OpenApi), Array, Array, '#', Object(stdClass))
#29 C:\\laragon\\www\\tesapi\\vendor\\zircote\\swagger-php\\src\\Annotations\\OpenApi.php(170): OpenApi\\Annotations\\AbstractAnnotation->validate(Array, Array, '#', Object(stdClass))
#30 C:\\laragon\\www\\tesapi\\vendor\\zircote\\swagger-php\\src\\Analysis.php(440): OpenApi\\Annotations\\OpenApi->validate()
#31 C:\\laragon\\www\\tesapi\\vendor\\zircote\\swagger-php\\src\\Generator.php(511): OpenApi\\Analysis->validate()
#32 C:\\laragon\\www\\tesapi\\vendor\\darkaonline\\l5-swagger\\src\\Generator.php(191): OpenApi\\Generator->generate(Object(Symfony\\Component\\Finder\\Finder), Object(OpenApi\\Analysis))
#33 C:\\laragon\\www\\tesapi\\vendor\\darkaonline\\l5-swagger\\src\\Generator.php(132): L5Swagger\\Generator->scanFilesForDocumentation()
#34 C:\\laragon\\www\\tesapi\\vendor\\darkaonline\\l5-swagger\\src\\Console\\GenerateDocsCommand.php(72): L5Swagger\\Generator->generateDocs()
#35 C:\\laragon\\www\\tesapi\\vendor\\darkaonline\\l5-swagger\\src\\Console\\GenerateDocsCommand.php(58): L5Swagger\\Console\\GenerateDocsCommand->generateDocumentation(Object(L5Swagger\\GeneratorFactory), 'default')
#36 C:\\laragon\\www\\tesapi\\vendor\\laravel\\framework\\src\\Illuminate\\Container\\BoundMethod.php(36): L5Swagger\\Console\\GenerateDocsCommand->handle(Object(L5Swagger\\GeneratorFactory))
#37 C:\\laragon\\www\\tesapi\\vendor\\laravel\\framework\\src\\Illuminate\\Container\\Util.php(41): Illuminate\\Container\\BoundMethod::Illuminate\\Container\\{closure}()
#38 C:\\laragon\\www\\tesapi\\vendor\\laravel\\framework\\src\\Illuminate\\Container\\BoundMethod.php(93): Illuminate\\Container\\Util::unwrapIfClosure(Object(Closure))
#39 C:\\laragon\\www\\tesapi\\vendor\\laravel\\framework\\src\\Illuminate\\Container\\BoundMethod.php(37): Illuminate\\Container\\BoundMethod::callBoundMethod(Object(Illuminate\\Foundation\\Application), Array, Object(Closure))
#40 C:\\laragon\\www\\tesapi\\vendor\\laravel\\framework\\src\\Illuminate\\Container\\Container.php(662): Illuminate\\Container\\BoundMethod::call(Object(Illuminate\\Foundation\\Application), Array, Array, NULL)
#41 C:\\laragon\\www\\tesapi\\vendor\\laravel\\framework\\src\\Illuminate\\Console\\Command.php(211): Illuminate\\Container\\Container->call(Array)
#42 C:\\laragon\\www\\tesapi\\vendor\\symfony\\console\\Command\\Command.php(326): Illuminate\\Console\\Command->execute(Object(Symfony\\Component\\Console\\Input\\ArgvInput), Object(Illuminate\\Console\\OutputStyle))
#43 C:\\laragon\\www\\tesapi\\vendor\\laravel\\framework\\src\\Illuminate\\Console\\Command.php(181): Symfony\\Component\\Console\\Command\\Command->run(Object(Symfony\\Component\\Console\\Input\\ArgvInput), Object(Illuminate\\Console\\OutputStyle))
#44 C:\\laragon\\www\\tesapi\\vendor\\symfony\\console\\Application.php(1096): Illuminate\\Console\\Command->run(Object(Symfony\\Component\\Console\\Input\\ArgvInput), Object(Symfony\\Component\\Console\\Output\\ConsoleOutput))
#45 C:\\laragon\\www\\tesapi\\vendor\\symfony\\console\\Application.php(324): Symfony\\Component\\Console\\Application->doRunCommand(Object(L5Swagger\\Console\\GenerateDocsCommand), Object(Symfony\\Component\\Console\\Input\\ArgvInput), Object(Symfony\\Component\\Console\\Output\\ConsoleOutput))
#46 C:\\laragon\\www\\tesapi\\vendor\\symfony\\console\\Application.php(175): Symfony\\Component\\Console\\Application->doRun(Object(Symfony\\Component\\Console\\Input\\ArgvInput), Object(Symfony\\Component\\Console\\Output\\ConsoleOutput))
#47 C:\\laragon\\www\\tesapi\\vendor\\laravel\\framework\\src\\Illuminate\\Foundation\\Console\\Kernel.php(201): Symfony\\Component\\Console\\Application->run(Object(Symfony\\Component\\Console\\Input\\ArgvInput), Object(Symfony\\Component\\Console\\Output\\ConsoleOutput))
#48 C:\\laragon\\www\\tesapi\\artisan(37): Illuminate\\Foundation\\Console\\Kernel->handle(Object(Symfony\\Component\\Console\\Input\\ArgvInput), Object(Symfony\\Component\\Console\\Output\\ConsoleOutput))
#49 {main}
"} 
[2025-03-12 10:34:29] local.ERROR: Multiple @OA\Schema() with the same schema="Contact":
  C:\laragon\www\tesapi\app\Models\Contact.php on line 21
  C:\laragon\www\tesapi\app\Http\Controllers\UserController.php on line 31 {"exception":"[object] (ErrorException(code: 0): Multiple @OA\\Schema() with the same schema=\"Contact\":
  C:\\laragon\\www\\tesapi\\app\\Models\\Contact.php on line 21
  C:\\laragon\\www\\tesapi\\app\\Http\\Controllers\\UserController.php on line 31 at C:\\laragon\\www\\tesapi\\vendor\\zircote\\swagger-php\\src\\Loggers\\DefaultLogger.php:31)
[stacktrace]
#0 C:\\laragon\\www\\tesapi\\vendor\\laravel\\framework\\src\\Illuminate\\Foundation\\Bootstrap\\HandleExceptions.php(255): Illuminate\\Foundation\\Bootstrap\\HandleExceptions->handleError(512, 'Multiple @OA\\\\Sc...', 'C:\\\\laragon\\\\www\\\\...', 31)
#1 [internal function]: Illuminate\\Foundation\\Bootstrap\\HandleExceptions->Illuminate\\Foundation\\Bootstrap\\{closure}(512, 'Multiple @OA\\\\Sc...', 'C:\\\\laragon\\\\www\\\\...', 31)
#2 C:\\laragon\\www\\tesapi\\vendor\\zircote\\swagger-php\\src\\Loggers\\DefaultLogger.php(31): trigger_error('Multiple @OA\\\\Sc...', 512)
#3 C:\\laragon\\www\\tesapi\\vendor\\psr\\log\\src\\LoggerTrait.php(50): OpenApi\\Loggers\\DefaultLogger->log('error', 'Multiple @OA\\\\Sc...', Array)
#4 C:\\laragon\\www\\tesapi\\vendor\\zircote\\swagger-php\\src\\Annotations\\AbstractAnnotation.php(498): Psr\\Log\\AbstractLogger->error('Multiple @OA\\\\Sc...')
#5 C:\\laragon\\www\\tesapi\\vendor\\zircote\\swagger-php\\src\\Annotations\\AbstractAnnotation.php(592): OpenApi\\Annotations\\AbstractAnnotation->validate(Array, Array, '#/components', Object(stdClass))
#6 C:\\laragon\\www\\tesapi\\vendor\\zircote\\swagger-php\\src\\Annotations\\AbstractAnnotation.php(565): OpenApi\\Annotations\\AbstractAnnotation::_validate(Object(OpenApi\\Annotations\\OpenApi), Array, Array, '#', Object(stdClass))
#7 C:\\laragon\\www\\tesapi\\vendor\\zircote\\swagger-php\\src\\Annotations\\OpenApi.php(170): OpenApi\\Annotations\\AbstractAnnotation->validate(Array, Array, '#', Object(stdClass))
#8 C:\\laragon\\www\\tesapi\\vendor\\zircote\\swagger-php\\src\\Analysis.php(440): OpenApi\\Annotations\\OpenApi->validate()
#9 C:\\laragon\\www\\tesapi\\vendor\\zircote\\swagger-php\\src\\Generator.php(511): OpenApi\\Analysis->validate()
#10 C:\\laragon\\www\\tesapi\\vendor\\darkaonline\\l5-swagger\\src\\Generator.php(191): OpenApi\\Generator->generate(Object(Symfony\\Component\\Finder\\Finder), Object(OpenApi\\Analysis))
#11 C:\\laragon\\www\\tesapi\\vendor\\darkaonline\\l5-swagger\\src\\Generator.php(132): L5Swagger\\Generator->scanFilesForDocumentation()
#12 C:\\laragon\\www\\tesapi\\vendor\\darkaonline\\l5-swagger\\src\\Console\\GenerateDocsCommand.php(72): L5Swagger\\Generator->generateDocs()
#13 C:\\laragon\\www\\tesapi\\vendor\\darkaonline\\l5-swagger\\src\\Console\\GenerateDocsCommand.php(58): L5Swagger\\Console\\GenerateDocsCommand->generateDocumentation(Object(L5Swagger\\GeneratorFactory), 'default')
#14 C:\\laragon\\www\\tesapi\\vendor\\laravel\\framework\\src\\Illuminate\\Container\\BoundMethod.php(36): L5Swagger\\Console\\GenerateDocsCommand->handle(Object(L5Swagger\\GeneratorFactory))
#15 C:\\laragon\\www\\tesapi\\vendor\\laravel\\framework\\src\\Illuminate\\Container\\Util.php(41): Illuminate\\Container\\BoundMethod::Illuminate\\Container\\{closure}()
#16 C:\\laragon\\www\\tesapi\\vendor\\laravel\\framework\\src\\Illuminate\\Container\\BoundMethod.php(93): Illuminate\\Container\\Util::unwrapIfClosure(Object(Closure))
#17 C:\\laragon\\www\\tesapi\\vendor\\laravel\\framework\\src\\Illuminate\\Container\\BoundMethod.php(37): Illuminate\\Container\\BoundMethod::callBoundMethod(Object(Illuminate\\Foundation\\Application), Array, Object(Closure))
#18 C:\\laragon\\www\\tesapi\\vendor\\laravel\\framework\\src\\Illuminate\\Container\\Container.php(662): Illuminate\\Container\\BoundMethod::call(Object(Illuminate\\Foundation\\Application), Array, Array, NULL)
#19 C:\\laragon\\www\\tesapi\\vendor\\laravel\\framework\\src\\Illuminate\\Console\\Command.php(211): Illuminate\\Container\\Container->call(Array)
#20 C:\\laragon\\www\\tesapi\\vendor\\symfony\\console\\Command\\Command.php(326): Illuminate\\Console\\Command->execute(Object(Symfony\\Component\\Console\\Input\\ArgvInput), Object(Illuminate\\Console\\OutputStyle))
#21 C:\\laragon\\www\\tesapi\\vendor\\laravel\\framework\\src\\Illuminate\\Console\\Command.php(181): Symfony\\Component\\Console\\Command\\Command->run(Object(Symfony\\Component\\Console\\Input\\ArgvInput), Object(Illuminate\\Console\\OutputStyle))
#22 C:\\laragon\\www\\tesapi\\vendor\\symfony\\console\\Application.php(1096): Illuminate\\Console\\Command->run(Object(Symfony\\Component\\Console\\Input\\ArgvInput), Object(Symfony\\Component\\Console\\Output\\ConsoleOutput))
#23 C:\\laragon\\www\\tesapi\\vendor\\symfony\\console\\Application.php(324): Symfony\\Component\\Console\\Application->doRunCommand(Object(L5Swagger\\Console\\GenerateDocsCommand), Object(Symfony\\Component\\Console\\Input\\ArgvInput), Object(Symfony\\Component\\Console\\Output\\ConsoleOutput))
#24 C:\\laragon\\www\\tesapi\\vendor\\symfony\\console\\Application.php(175): Symfony\\Component\\Console\\Application->doRun(Object(Symfony\\Component\\Console\\Input\\ArgvInput), Object(Symfony\\Component\\Console\\Output\\ConsoleOutput))
#25 C:\\laragon\\www\\tesapi\\vendor\\laravel\\framework\\src\\Illuminate\\Foundation\\Console\\Kernel.php(201): Symfony\\Component\\Console\\Application->run(Object(Symfony\\Component\\Console\\Input\\ArgvInput), Object(Symfony\\Component\\Console\\Output\\ConsoleOutput))
#26 C:\\laragon\\www\\tesapi\\artisan(37): Illuminate\\Foundation\\Console\\Kernel->handle(Object(Symfony\\Component\\Console\\Input\\ArgvInput), Object(Symfony\\Component\\Console\\Output\\ConsoleOutput))
#27 {main}
"} 
[2025-03-12 10:35:17] local.ERROR: $ref "#/components/schemas/Contact" not found for @OA\Items() in \App\Http\Controllers\ContactController->index() in C:\laragon\www\tesapi\app\Http\Controllers\ContactController.php on line 53 {"exception":"[object] (ErrorException(code: 0): $ref \"#/components/schemas/Contact\" not found for @OA\\Items() in \\App\\Http\\Controllers\\ContactController->index() in C:\\laragon\\www\\tesapi\\app\\Http\\Controllers\\ContactController.php on line 53 at C:\\laragon\\www\\tesapi\\vendor\\zircote\\swagger-php\\src\\Loggers\\DefaultLogger.php:31)
[stacktrace]
#0 C:\\laragon\\www\\tesapi\\vendor\\laravel\\framework\\src\\Illuminate\\Foundation\\Bootstrap\\HandleExceptions.php(255): Illuminate\\Foundation\\Bootstrap\\HandleExceptions->handleError(512, '$ref \"#/compone...', 'C:\\\\laragon\\\\www\\\\...', 31)
#1 [internal function]: Illuminate\\Foundation\\Bootstrap\\HandleExceptions->Illuminate\\Foundation\\Bootstrap\\{closure}(512, '$ref \"#/compone...', 'C:\\\\laragon\\\\www\\\\...', 31)
#2 C:\\laragon\\www\\tesapi\\vendor\\zircote\\swagger-php\\src\\Loggers\\DefaultLogger.php(31): trigger_error('$ref \"#/compone...', 512)
#3 C:\\laragon\\www\\tesapi\\vendor\\psr\\log\\src\\LoggerTrait.php(61): OpenApi\\Loggers\\DefaultLogger->log('warning', '$ref \"#/compone...', Array)
#4 C:\\laragon\\www\\tesapi\\vendor\\zircote\\swagger-php\\src\\Annotations\\AbstractAnnotation.php(511): Psr\\Log\\AbstractLogger->warning('$ref \"#/compone...', Array)
#5 C:\\laragon\\www\\tesapi\\vendor\\zircote\\swagger-php\\src\\Annotations\\Schema.php(517): OpenApi\\Annotations\\AbstractAnnotation->validate(Array, Array, '#/paths/0/get/r...', Object(stdClass))
#6 C:\\laragon\\www\\tesapi\\vendor\\zircote\\swagger-php\\src\\Annotations\\Items.php(50): OpenApi\\Annotations\\Schema->validate(Array, Array, '#/paths/0/get/r...', Object(stdClass))
#7 C:\\laragon\\www\\tesapi\\vendor\\zircote\\swagger-php\\src\\Annotations\\AbstractAnnotation.php(592): OpenApi\\Annotations\\Items->validate(Array, Array, '#/paths/0/get/r...', Object(stdClass))
#8 C:\\laragon\\www\\tesapi\\vendor\\zircote\\swagger-php\\src\\Annotations\\AbstractAnnotation.php(565): OpenApi\\Annotations\\AbstractAnnotation::_validate(Object(OpenApi\\Annotations\\Property), Array, Array, '#/paths/0/get/r...', Object(stdClass))
#9 C:\\laragon\\www\\tesapi\\vendor\\zircote\\swagger-php\\src\\Annotations\\Schema.php(517): OpenApi\\Annotations\\AbstractAnnotation->validate(Array, Array, '#/paths/0/get/r...', Object(stdClass))
#10 C:\\laragon\\www\\tesapi\\vendor\\zircote\\swagger-php\\src\\Annotations\\AbstractAnnotation.php(592): OpenApi\\Annotations\\Schema->validate(Array, Array, '#/paths/0/get/r...', Object(stdClass))
#11 C:\\laragon\\www\\tesapi\\vendor\\zircote\\swagger-php\\src\\Annotations\\AbstractAnnotation.php(598): OpenApi\\Annotations\\AbstractAnnotation::_validate(Array, Array, Array, '#/paths/0/get/r...', Object(stdClass))
#12 C:\\laragon\\www\\tesapi\\vendor\\zircote\\swagger-php\\src\\Annotations\\AbstractAnnotation.php(565): OpenApi\\Annotations\\AbstractAnnotation::_validate(Object(OpenApi\\Annotations\\JsonContent), Array, Array, '#/paths/0/get/r...', Object(stdClass))
#13 C:\\laragon\\www\\tesapi\\vendor\\zircote\\swagger-php\\src\\Annotations\\Schema.php(517): OpenApi\\Annotations\\AbstractAnnotation->validate(Array, Array, '#/paths/0/get/r...', Object(stdClass))
#14 C:\\laragon\\www\\tesapi\\vendor\\zircote\\swagger-php\\src\\Annotations\\AbstractAnnotation.php(592): OpenApi\\Annotations\\Schema->validate(Array, Array, '#/paths/0/get/r...', Object(stdClass))
#15 C:\\laragon\\www\\tesapi\\vendor\\zircote\\swagger-php\\src\\Annotations\\AbstractAnnotation.php(565): OpenApi\\Annotations\\AbstractAnnotation::_validate(Object(OpenApi\\Annotations\\MediaType), Array, Array, '#/paths/0/get/r...', Object(stdClass))
#16 C:\\laragon\\www\\tesapi\\vendor\\zircote\\swagger-php\\src\\Annotations\\AbstractAnnotation.php(592): OpenApi\\Annotations\\AbstractAnnotation->validate(Array, Array, '#/paths/0/get/r...', Object(stdClass))
#17 C:\\laragon\\www\\tesapi\\vendor\\zircote\\swagger-php\\src\\Annotations\\AbstractAnnotation.php(598): OpenApi\\Annotations\\AbstractAnnotation::_validate(Array, Array, Array, '#/paths/0/get/r...', Object(stdClass))
#18 C:\\laragon\\www\\tesapi\\vendor\\zircote\\swagger-php\\src\\Annotations\\AbstractAnnotation.php(565): OpenApi\\Annotations\\AbstractAnnotation::_validate(Object(OpenApi\\Annotations\\Response), Array, Array, '#/paths/0/get/r...', Object(stdClass))
#19 C:\\laragon\\www\\tesapi\\vendor\\zircote\\swagger-php\\src\\Annotations\\Response.php(121): OpenApi\\Annotations\\AbstractAnnotation->validate(Array, Array, '#/paths/0/get/r...', Object(stdClass))
#20 C:\\laragon\\www\\tesapi\\vendor\\zircote\\swagger-php\\src\\Annotations\\AbstractAnnotation.php(592): OpenApi\\Annotations\\Response->validate(Array, Array, '#/paths/0/get/r...', Object(stdClass))
#21 C:\\laragon\\www\\tesapi\\vendor\\zircote\\swagger-php\\src\\Annotations\\AbstractAnnotation.php(598): OpenApi\\Annotations\\AbstractAnnotation::_validate(Array, Array, Array, '#/paths/0/get/r...', Object(stdClass))
#22 C:\\laragon\\www\\tesapi\\vendor\\zircote\\swagger-php\\src\\Annotations\\AbstractAnnotation.php(565): OpenApi\\Annotations\\AbstractAnnotation::_validate(Object(OpenApi\\Annotations\\Get), Array, Array, '#/paths/0/get', Object(stdClass))
#23 C:\\laragon\\www\\tesapi\\vendor\\zircote\\swagger-php\\src\\Annotations\\Operation.php(223): OpenApi\\Annotations\\AbstractAnnotation->validate(Array, Array, '#/paths/0/get', Object(stdClass))
#24 C:\\laragon\\www\\tesapi\\vendor\\zircote\\swagger-php\\src\\Annotations\\AbstractAnnotation.php(592): OpenApi\\Annotations\\Operation->validate(Array, Array, '#/paths/0/get', Object(stdClass))
#25 C:\\laragon\\www\\tesapi\\vendor\\zircote\\swagger-php\\src\\Annotations\\AbstractAnnotation.php(565): OpenApi\\Annotations\\AbstractAnnotation::_validate(Object(OpenApi\\Annotations\\PathItem), Array, Array, '#/paths/0', Object(stdClass))
#26 C:\\laragon\\www\\tesapi\\vendor\\zircote\\swagger-php\\src\\Annotations\\AbstractAnnotation.php(592): OpenApi\\Annotations\\AbstractAnnotation->validate(Array, Array, '#/paths/0', Object(stdClass))
#27 C:\\laragon\\www\\tesapi\\vendor\\zircote\\swagger-php\\src\\Annotations\\AbstractAnnotation.php(598): OpenApi\\Annotations\\AbstractAnnotation::_validate(Array, Array, Array, '#/paths', Object(stdClass))
#28 C:\\laragon\\www\\tesapi\\vendor\\zircote\\swagger-php\\src\\Annotations\\AbstractAnnotation.php(565): OpenApi\\Annotations\\AbstractAnnotation::_validate(Object(OpenApi\\Annotations\\OpenApi), Array, Array, '#', Object(stdClass))
#29 C:\\laragon\\www\\tesapi\\vendor\\zircote\\swagger-php\\src\\Annotations\\OpenApi.php(170): OpenApi\\Annotations\\AbstractAnnotation->validate(Array, Array, '#', Object(stdClass))
#30 C:\\laragon\\www\\tesapi\\vendor\\zircote\\swagger-php\\src\\Analysis.php(440): OpenApi\\Annotations\\OpenApi->validate()
#31 C:\\laragon\\www\\tesapi\\vendor\\zircote\\swagger-php\\src\\Generator.php(511): OpenApi\\Analysis->validate()
#32 C:\\laragon\\www\\tesapi\\vendor\\darkaonline\\l5-swagger\\src\\Generator.php(191): OpenApi\\Generator->generate(Object(Symfony\\Component\\Finder\\Finder), Object(OpenApi\\Analysis))
#33 C:\\laragon\\www\\tesapi\\vendor\\darkaonline\\l5-swagger\\src\\Generator.php(132): L5Swagger\\Generator->scanFilesForDocumentation()
#34 C:\\laragon\\www\\tesapi\\vendor\\darkaonline\\l5-swagger\\src\\Console\\GenerateDocsCommand.php(72): L5Swagger\\Generator->generateDocs()
#35 C:\\laragon\\www\\tesapi\\vendor\\darkaonline\\l5-swagger\\src\\Console\\GenerateDocsCommand.php(58): L5Swagger\\Console\\GenerateDocsCommand->generateDocumentation(Object(L5Swagger\\GeneratorFactory), 'default')
#36 C:\\laragon\\www\\tesapi\\vendor\\laravel\\framework\\src\\Illuminate\\Container\\BoundMethod.php(36): L5Swagger\\Console\\GenerateDocsCommand->handle(Object(L5Swagger\\GeneratorFactory))
#37 C:\\laragon\\www\\tesapi\\vendor\\laravel\\framework\\src\\Illuminate\\Container\\Util.php(41): Illuminate\\Container\\BoundMethod::Illuminate\\Container\\{closure}()
#38 C:\\laragon\\www\\tesapi\\vendor\\laravel\\framework\\src\\Illuminate\\Container\\BoundMethod.php(93): Illuminate\\Container\\Util::unwrapIfClosure(Object(Closure))
#39 C:\\laragon\\www\\tesapi\\vendor\\laravel\\framework\\src\\Illuminate\\Container\\BoundMethod.php(37): Illuminate\\Container\\BoundMethod::callBoundMethod(Object(Illuminate\\Foundation\\Application), Array, Object(Closure))
#40 C:\\laragon\\www\\tesapi\\vendor\\laravel\\framework\\src\\Illuminate\\Container\\Container.php(662): Illuminate\\Container\\BoundMethod::call(Object(Illuminate\\Foundation\\Application), Array, Array, NULL)
#41 C:\\laragon\\www\\tesapi\\vendor\\laravel\\framework\\src\\Illuminate\\Console\\Command.php(211): Illuminate\\Container\\Container->call(Array)
#42 C:\\laragon\\www\\tesapi\\vendor\\symfony\\console\\Command\\Command.php(326): Illuminate\\Console\\Command->execute(Object(Symfony\\Component\\Console\\Input\\ArgvInput), Object(Illuminate\\Console\\OutputStyle))
#43 C:\\laragon\\www\\tesapi\\vendor\\laravel\\framework\\src\\Illuminate\\Console\\Command.php(181): Symfony\\Component\\Console\\Command\\Command->run(Object(Symfony\\Component\\Console\\Input\\ArgvInput), Object(Illuminate\\Console\\OutputStyle))
#44 C:\\laragon\\www\\tesapi\\vendor\\symfony\\console\\Application.php(1096): Illuminate\\Console\\Command->run(Object(Symfony\\Component\\Console\\Input\\ArgvInput), Object(Symfony\\Component\\Console\\Output\\ConsoleOutput))
#45 C:\\laragon\\www\\tesapi\\vendor\\symfony\\console\\Application.php(324): Symfony\\Component\\Console\\Application->doRunCommand(Object(L5Swagger\\Console\\GenerateDocsCommand), Object(Symfony\\Component\\Console\\Input\\ArgvInput), Object(Symfony\\Component\\Console\\Output\\ConsoleOutput))
#46 C:\\laragon\\www\\tesapi\\vendor\\symfony\\console\\Application.php(175): Symfony\\Component\\Console\\Application->doRun(Object(Symfony\\Component\\Console\\Input\\ArgvInput), Object(Symfony\\Component\\Console\\Output\\ConsoleOutput))
#47 C:\\laragon\\www\\tesapi\\vendor\\laravel\\framework\\src\\Illuminate\\Foundation\\Console\\Kernel.php(201): Symfony\\Component\\Console\\Application->run(Object(Symfony\\Component\\Console\\Input\\ArgvInput), Object(Symfony\\Component\\Console\\Output\\ConsoleOutput))
#48 C:\\laragon\\www\\tesapi\\artisan(37): Illuminate\\Foundation\\Console\\Kernel->handle(Object(Symfony\\Component\\Console\\Input\\ArgvInput), Object(Symfony\\Component\\Console\\Output\\ConsoleOutput))
#49 {main}
"} 
[2025-03-12 13:16:41] local.ERROR: Too many arguments to "make:controller" command, expected arguments "name". {"exception":"[object] (Symfony\\Component\\Console\\Exception\\RuntimeException(code: 0): Too many arguments to \"make:controller\" command, expected arguments \"name\". at C:\\laragon\\www\\tesapi\\vendor\\symfony\\console\\Input\\ArgvInput.php:196)
[stacktrace]
#0 C:\\laragon\\www\\tesapi\\vendor\\symfony\\console\\Input\\ArgvInput.php(89): Symfony\\Component\\Console\\Input\\ArgvInput->parseArgument('\\xE2\\x80\\x93api')
#1 C:\\laragon\\www\\tesapi\\vendor\\symfony\\console\\Input\\ArgvInput.php(74): Symfony\\Component\\Console\\Input\\ArgvInput->parseToken('\\xE2\\x80\\x93api', true)
#2 C:\\laragon\\www\\tesapi\\vendor\\symfony\\console\\Input\\Input.php(56): Symfony\\Component\\Console\\Input\\ArgvInput->parse()
#3 C:\\laragon\\www\\tesapi\\vendor\\symfony\\console\\Command\\Command.php(285): Symfony\\Component\\Console\\Input\\Input->bind(Object(Symfony\\Component\\Console\\Input\\InputDefinition))
#4 C:\\laragon\\www\\tesapi\\vendor\\laravel\\framework\\src\\Illuminate\\Console\\Command.php(181): Symfony\\Component\\Console\\Command\\Command->run(Object(Symfony\\Component\\Console\\Input\\ArgvInput), Object(Illuminate\\Console\\OutputStyle))
#5 C:\\laragon\\www\\tesapi\\vendor\\symfony\\console\\Application.php(1096): Illuminate\\Console\\Command->run(Object(Symfony\\Component\\Console\\Input\\ArgvInput), Object(Symfony\\Component\\Console\\Output\\ConsoleOutput))
#6 C:\\laragon\\www\\tesapi\\vendor\\symfony\\console\\Application.php(324): Symfony\\Component\\Console\\Application->doRunCommand(Object(Illuminate\\Routing\\Console\\ControllerMakeCommand), Object(Symfony\\Component\\Console\\Input\\ArgvInput), Object(Symfony\\Component\\Console\\Output\\ConsoleOutput))
#7 C:\\laragon\\www\\tesapi\\vendor\\symfony\\console\\Application.php(175): Symfony\\Component\\Console\\Application->doRun(Object(Symfony\\Component\\Console\\Input\\ArgvInput), Object(Symfony\\Component\\Console\\Output\\ConsoleOutput))
#8 C:\\laragon\\www\\tesapi\\vendor\\laravel\\framework\\src\\Illuminate\\Foundation\\Console\\Kernel.php(201): Symfony\\Component\\Console\\Application->run(Object(Symfony\\Component\\Console\\Input\\ArgvInput), Object(Symfony\\Component\\Console\\Output\\ConsoleOutput))
#9 C:\\laragon\\www\\tesapi\\artisan(37): Illuminate\\Foundation\\Console\\Kernel->handle(Object(Symfony\\Component\\Console\\Input\\ArgvInput), Object(Symfony\\Component\\Console\\Output\\ConsoleOutput))
#10 {main}
"} 
